<?xml version="1.0" encoding="UTF-8"?>
<!-- Generated by org.testng.reporters.JUnitXMLReporter -->
<testsuite hostname="Charlies-MBP.home" ignored="0" name="Default test" tests="2" failures="0" timestamp="2020-03-05T09:14:30 CST" time="0.116" errors="0">
  <testcase name="testHelloJenkins" time="0.015" classname="com.perscholas.jenkins_hello.testng.HelloJenkinsTests"/>
  <testcase name="testHelloJenkinsAgain" time="0.006" classname="com.perscholas.jenkins_hello.testng.HelloJenkinsTests"/>
</testsuite> <!-- Default test -->
