<?xml version="1.0" encoding="UTF-8"?>
<testsuite xmlns:xsi="http://www.w3.org/2001/XMLSchema-instance" xsi:noNamespaceSchemaLocation="https://maven.apache.org/surefire/maven-surefire-plugin/xsd/surefire-test-report-3.0.xsd" version="3.0" name="com.perscholas.jenkins_hello.testng.HelloJenkinsTest" time="0.76" tests="2" errors="0" skipped="0" failures="1">
  <properties>
[...]
</properties>
  <testcase name="testHelloJenkins" classname="com.perscholas.jenkins_hello.testng.HelloJenkinsTest" time="0.018"/>
  <testcase name="testHelloJenkinsAgain" classname="com.perscholas.jenkins_hello.testng.HelloJenkinsTest" time="0.015">
    <failure message="expected [Hello Jenkins again] but found [Hello Jenkins again!!!]" type="java.lang.AssertionError"><![CDATA[java.lang.AssertionError: expected [Hello Jenkins again] but found [Hello Jenkins again!!!]
	at com.perscholas.jenkins_hello.testng.HelloJenkinsTest.testHelloJenkinsAgain(HelloJenkinsTest.java:24)
]]></failure>
  </testcase>
</testsuite>