<?xml version="1.0" encoding="UTF-8"?>
<!-- Generated by org.testng.reporters.JUnitXMLReporter -->
<testsuite hostname="Charlies-MBP.home" ignored="0" name="Command line test" tests="2" failures="0" timestamp="2020-03-05T10:40:12 CST" time="0.078" errors="0">
  <testcase name="testHelloJenkins" time="0.017" classname="com.perscholas.jenkins_hello.testng.HelloJenkinsTest"/>
  <testcase name="testHelloJenkinsAgain" time="0.001" classname="com.perscholas.jenkins_hello.testng.HelloJenkinsTest"/>
</testsuite> <!-- Command line test -->
